Build started 6/10/2017 9:59:30 PM.
     1>Project "C:\Users\Camilo\Documents\GitHub\GBdroid\Gameboy Basic.vcxproj" on node 2 (Build target(s)).
     1>ClCompile:
         C:\Program Files (x86)\Microsoft Visual Studio 12.0\VC\bin\CL.exe /c /Zi /nologo /W3 /WX- /sdl /O2 /Oi /Oy- /GL /D WIN32 /D NDEBUG /D _CONSOLE /D _LIB /D _UNICODE /D UNICODE /Gm- /EHsc /MD /GS /Gy /fp:precise /Zc:wchar_t /Zc:forScope /Yu"stdafx.h" /Fp"Release\Gameboy Basic.pch" /Fo"Release\\" /Fd"Release\vc120.pdb" /Gd /TP /analyze- /errorReport:prompt "Gameboy Basic.cpp"
         Gameboy Basic.cpp
     1>Gameboy Basic.cpp(307): warning C4244: '=' : conversion from 'unsigned short' to 'unsigned char', possible loss of data
     1>Gameboy Basic.cpp(542): warning C4244: '=' : conversion from 'unsigned long' to 'unsigned char', possible loss of data
     1>Gameboy Basic.cpp(543): warning C4244: 'argument' : conversion from 'unsigned short' to 'unsigned char', possible loss of data
     1>Gameboy Basic.cpp(667): warning C4244: '=' : conversion from 'unsigned long' to 'unsigned char', possible loss of data
     1>Gameboy Basic.cpp(671): warning C4244: '=' : conversion from 'unsigned long' to 'unsigned char', possible loss of data
     1>Gameboy Basic.cpp(683): warning C4244: '=' : conversion from 'unsigned long' to 'unsigned char', possible loss of data
     1>Gameboy Basic.cpp(1049): warning C4244: '=' : conversion from 'unsigned short' to 'unsigned char', possible loss of data
     1>Gameboy Basic.cpp(1238): warning C4244: '=' : conversion from 'unsigned short' to 'unsigned char', possible loss of data
       Link:
         C:\Program Files (x86)\Microsoft Visual Studio 12.0\VC\bin\link.exe /ERRORREPORT:PROMPT /OUT:"C:\Users\Camilo\Documents\GitHub\GBdroid\Release\Gameboy Basic.exe" /INCREMENTAL:NO /NOLOGO kernel32.lib user32.lib gdi32.lib winspool.lib comdlg32.lib advapi32.lib shell32.lib ole32.lib oleaut32.lib uuid.lib odbc32.lib odbccp32.lib /MANIFEST /MANIFESTUAC:"level='asInvoker' uiAccess='false'" /manifest:embed /DEBUG /PDB:"C:\Users\Camilo\Documents\GitHub\GBdroid\Release\Gameboy Basic.pdb" /SUBSYSTEM:CONSOLE /OPT:REF /OPT:ICF /LTCG /TLBID:1 /DYNAMICBASE /NXCOMPAT /IMPLIB:"C:\Users\Camilo\Documents\GitHub\GBdroid\Release\Gameboy Basic.lib" /MACHINE:X86 /SAFESEH "Release\Gameboy Basic.obj"
         Release\stdafx.obj
         Generating code
         Finished generating code
         Gameboy Basic.vcxproj -> C:\Users\Camilo\Documents\GitHub\GBdroid\Release\Gameboy Basic.exe
     1>Done Building Project "C:\Users\Camilo\Documents\GitHub\GBdroid\Gameboy Basic.vcxproj" (Build target(s)).

Build succeeded.

Time Elapsed 00:00:02.15
